[23-Aug-2022 15:40:41 UTC] PHP Warning:  PHP Startup: Unable to load dynamic library 'php_imagick.dll' (tried: C:/Users/PC-0081/AppData/Local/Programs/Local/resources/extraResources/lightning-services/php-7.4.1+18/bin/win64/ext\php_imagick.dll (Impossível localizar o módulo especificado.), C:/Users/PC-0081/AppData/Local/Programs/Local/resources/extraResources/lightning-services/php-7.4.1+18/bin/win64/ext\php_php_imagick.dll.dll (Impossível localizar o módulo especificado.)) in Unknown on line 0
[23-Aug-2022 15:40:41 UTC] PHP Warning:  PHP Startup: Unable to load dynamic library 'php_imagick.dll' (tried: C:/Users/PC-0081/AppData/Local/Programs/Local/resources/extraResources/lightning-services/php-7.4.1+18/bin/win64/ext\php_imagick.dll (Impossível localizar o módulo especificado.), C:/Users/PC-0081/AppData/Local/Programs/Local/resources/extraResources/lightning-services/php-7.4.1+18/bin/win64/ext\php_php_imagick.dll.dll (Impossível localizar o módulo especificado.)) in Unknown on line 0
[23-Aug-2022 15:40:42 UTC] PHP Warning:  PHP Startup: Unable to load dynamic library 'php_imagick.dll' (tried: C:/Users/PC-0081/AppData/Local/Programs/Local/resources/extraResources/lightning-services/php-7.4.1+18/bin/win64/ext\php_imagick.dll (Impossível localizar o módulo especificado.), C:/Users/PC-0081/AppData/Local/Programs/Local/resources/extraResources/lightning-services/php-7.4.1+18/bin/win64/ext\php_php_imagick.dll.dll (Impossível localizar o módulo especificado.)) in Unknown on line 0
[23-Aug-2022 15:44:16 UTC] PHP Warning:  PHP Startup: Unable to load dynamic library 'php_imagick.dll' (tried: C:/Users/PC-0081/AppData/Local/Programs/Local/resources/extraResources/lightning-services/php-7.4.1+18/bin/win64/ext\php_imagick.dll (Impossível localizar o módulo especificado.), C:/Users/PC-0081/AppData/Local/Programs/Local/resources/extraResources/lightning-services/php-7.4.1+18/bin/win64/ext\php_php_imagick.dll.dll (Impossível localizar o módulo especificado.)) in Unknown on line 0
[23-Aug-2022 15:46:22 UTC] PHP Warning:  PHP Startup: Unable to load dynamic library 'php_imagick.dll' (tried: C:/Users/PC-0081/AppData/Local/Programs/Local/resources/extraResources/lightning-services/php-7.4.1+18/bin/win64/ext\php_imagick.dll (Impossível localizar o módulo especificado.), C:/Users/PC-0081/AppData/Local/Programs/Local/resources/extraResources/lightning-services/php-7.4.1+18/bin/win64/ext\php_php_imagick.dll.dll (Impossível localizar o módulo especificado.)) in Unknown on line 0
[23-Aug-2022 15:50:10 UTC] PHP Warning:  PHP Startup: Unable to load dynamic library 'php_imagick.dll' (tried: C:/Users/PC-0081/AppData/Local/Programs/Local/resources/extraResources/lightning-services/php-7.4.1+18/bin/win64/ext\php_imagick.dll (Impossível localizar o módulo especificado.), C:/Users/PC-0081/AppData/Local/Programs/Local/resources/extraResources/lightning-services/php-7.4.1+18/bin/win64/ext\php_php_imagick.dll.dll (Impossível localizar o módulo especificado.)) in Unknown on line 0
[23-Aug-2022 15:51:48 UTC] PHP Warning:  PHP Startup: Unable to load dynamic library 'php_imagick.dll' (tried: C:/Users/PC-0081/AppData/Local/Programs/Local/resources/extraResources/lightning-services/php-7.4.1+18/bin/win64/ext\php_imagick.dll (Impossível localizar o módulo especificado.), C:/Users/PC-0081/AppData/Local/Programs/Local/resources/extraResources/lightning-services/php-7.4.1+18/bin/win64/ext\php_php_imagick.dll.dll (Impossível localizar o módulo especificado.)) in Unknown on line 0
[23-Aug-2022 15:51:48 UTC] PHP Warning:  PHP Startup: Unable to load dynamic library 'php_imagick.dll' (tried: C:/Users/PC-0081/AppData/Local/Programs/Local/resources/extraResources/lightning-services/php-7.4.1+18/bin/win64/ext\php_imagick.dll (Impossível localizar o módulo especificado.), C:/Users/PC-0081/AppData/Local/Programs/Local/resources/extraResources/lightning-services/php-7.4.1+18/bin/win64/ext\php_php_imagick.dll.dll (Impossível localizar o módulo especificado.)) in Unknown on line 0
[23-Aug-2022 17:11:17 UTC] PHP Fatal error:  Uncaught Error: Object of class WP_User could not be converted to string in C:\Users\PC-0081\Local Sites\brasscom\app\public\wp-content\themes\Brasscom\single.php:11
Stack trace:
#0 C:\Users\PC-0081\Local Sites\brasscom\app\public\wp-includes\template-loader.php(106): include()
#1 C:\Users\PC-0081\Local Sites\brasscom\app\public\wp-blog-header.php(19): require_once('C:\\Users\\PC-008...')
#2 C:\Users\PC-0081\Local Sites\brasscom\app\public\index.php(17): require('C:\\Users\\PC-008...')
#3 {main}
  thrown in C:\Users\PC-0081\Local Sites\brasscom\app\public\wp-content\themes\Brasscom\single.php on line 11
[23-Aug-2022 17:11:35 UTC] PHP Fatal error:  Uncaught Error: Call to undefined function newWP_User() in C:\Users\PC-0081\Local Sites\brasscom\app\public\wp-content\themes\Brasscom\single.php:11
Stack trace:
#0 C:\Users\PC-0081\Local Sites\brasscom\app\public\wp-includes\template-loader.php(106): include()
#1 C:\Users\PC-0081\Local Sites\brasscom\app\public\wp-blog-header.php(19): require_once('C:\\Users\\PC-008...')
#2 C:\Users\PC-0081\Local Sites\brasscom\app\public\index.php(17): require('C:\\Users\\PC-008...')
#3 {main}
  thrown in C:\Users\PC-0081\Local Sites\brasscom\app\public\wp-content\themes\Brasscom\single.php on line 11
[23-Aug-2022 17:11:51 UTC] PHP Fatal error:  Uncaught Error: Call to undefined function newWP_User() in C:\Users\PC-0081\Local Sites\brasscom\app\public\wp-content\themes\Brasscom\single.php:11
Stack trace:
#0 C:\Users\PC-0081\Local Sites\brasscom\app\public\wp-includes\template-loader.php(106): include()
#1 C:\Users\PC-0081\Local Sites\brasscom\app\public\wp-blog-header.php(19): require_once('C:\\Users\\PC-008...')
#2 C:\Users\PC-0081\Local Sites\brasscom\app\public\index.php(17): require('C:\\Users\\PC-008...')
#3 {main}
  thrown in C:\Users\PC-0081\Local Sites\brasscom\app\public\wp-content\themes\Brasscom\single.php on line 11
