AH00558: httpd.exe: Could not reliably determine the server's fully qualified domain name, using fe80::e0a9:99eb:1dba:c6eb. Set the 'ServerName' directive globally to suppress this message
[Tue Aug 23 12:33:10.110385 2022] [mpm_winnt:notice] [pid 12564:tid 768] AH00455: Apache/2.4.43 (Win32) mod_fcgid/2.3.9a configured -- resuming normal operations
[Tue Aug 23 12:33:10.110385 2022] [mpm_winnt:notice] [pid 12564:tid 768] AH00456: Server built: Apr 21 2020 13:46:54
[Tue Aug 23 12:33:10.110385 2022] [core:notice] [pid 12564:tid 768] AH00094: Command line: 'C:\\Users\\PC-0081\\AppData\\Roaming\\Local\\lightning-services\\apache-2.4.43+7\\bin\\win32\\bin\\httpd.exe -d C:/Users/PC-0081/AppData/Roaming/Local/lightning-services/apache-2.4.43+7/bin/win32 -D FOREGROUND -f C:\\Users\\PC-0081\\AppData\\Roaming\\Local\\run\\5eX3865bq\\conf\\apache\\apache2.conf'
[Tue Aug 23 12:33:10.116368 2022] [mpm_winnt:notice] [pid 12564:tid 768] AH00418: Parent: Created child process 12020
AH00558: httpd.exe: Could not reliably determine the server's fully qualified domain name, using fe80::e0a9:99eb:1dba:c6eb. Set the 'ServerName' directive globally to suppress this message
AH00558: httpd.exe: Could not reliably determine the server's fully qualified domain name, using fe80::e0a9:99eb:1dba:c6eb. Set the 'ServerName' directive globally to suppress this message
[Tue Aug 23 12:33:10.688926 2022] [mpm_winnt:notice] [pid 12020:tid 760] AH00354: Child: Starting 64 worker threads.
[Tue Aug 23 12:40:36.155092 2022] [mpm_winnt:notice] [pid 12564:tid 768] AH00428: Parent: child process 12020 exited with status 1 -- Restarting.
AH00558: httpd.exe: Could not reliably determine the server's fully qualified domain name, using fe80::e0a9:99eb:1dba:c6eb. Set the 'ServerName' directive globally to suppress this message
[Tue Aug 23 12:40:38.862259 2022] [core:warn] [pid 764:tid 692] AH00098: pid file C:/Users/PC-0081/AppData/Roaming/Local/run/5eX3865bq/apache/logs/httpd.pid overwritten -- Unclean shutdown of previous Apache run?
[Tue Aug 23 12:40:38.864253 2022] [mpm_winnt:notice] [pid 764:tid 692] AH00455: Apache/2.4.43 (Win32) mod_fcgid/2.3.9a configured -- resuming normal operations
[Tue Aug 23 12:40:38.864253 2022] [mpm_winnt:notice] [pid 764:tid 692] AH00456: Server built: Apr 21 2020 13:46:54
[Tue Aug 23 12:40:38.864253 2022] [core:notice] [pid 764:tid 692] AH00094: Command line: 'C:\\Users\\PC-0081\\AppData\\Roaming\\Local\\lightning-services\\apache-2.4.43+7\\bin\\win32\\bin\\httpd.exe -d C:/Users/PC-0081/AppData/Roaming/Local/lightning-services/apache-2.4.43+7/bin/win32 -D FOREGROUND -f C:\\Users\\PC-0081\\AppData\\Roaming\\Local\\run\\5eX3865bq\\conf\\apache\\apache2.conf'
[Tue Aug 23 12:40:38.867245 2022] [mpm_winnt:notice] [pid 764:tid 692] AH00418: Parent: Created child process 7948
AH00558: httpd.exe: Could not reliably determine the server's fully qualified domain name, using fe80::e0a9:99eb:1dba:c6eb. Set the 'ServerName' directive globally to suppress this message
AH00558: httpd.exe: Could not reliably determine the server's fully qualified domain name, using fe80::e0a9:99eb:1dba:c6eb. Set the 'ServerName' directive globally to suppress this message
[Tue Aug 23 12:40:39.325026 2022] [mpm_winnt:notice] [pid 7948:tid 776] AH00354: Child: Starting 64 worker threads.
AH00558: httpd.exe: Could not reliably determine the server's fully qualified domain name, using fe80::e0a9:99eb:1dba:c6eb. Set the 'ServerName' directive globally to suppress this message
[Tue Aug 23 12:44:15.630639 2022] [core:warn] [pid 2888:tid 692] AH00098: pid file C:/Users/PC-0081/AppData/Roaming/Local/run/5eX3865bq/apache/logs/httpd.pid overwritten -- Unclean shutdown of previous Apache run?
[Tue Aug 23 12:44:15.636623 2022] [mpm_winnt:notice] [pid 2888:tid 692] AH00455: Apache/2.4.43 (Win32) mod_fcgid/2.3.9a configured -- resuming normal operations
[Tue Aug 23 12:44:15.636623 2022] [mpm_winnt:notice] [pid 2888:tid 692] AH00456: Server built: Apr 21 2020 13:46:54
[Tue Aug 23 12:44:15.636623 2022] [core:notice] [pid 2888:tid 692] AH00094: Command line: 'C:\\Users\\PC-0081\\AppData\\Roaming\\Local\\lightning-services\\apache-2.4.43+7\\bin\\win32\\bin\\httpd.exe -d C:/Users/PC-0081/AppData/Roaming/Local/lightning-services/apache-2.4.43+7/bin/win32 -D FOREGROUND -f C:\\Users\\PC-0081\\AppData\\Roaming\\Local\\run\\5eX3865bq\\conf\\apache\\apache2.conf'
[Tue Aug 23 12:44:15.638618 2022] [mpm_winnt:notice] [pid 2888:tid 692] AH00418: Parent: Created child process 13640
AH00558: httpd.exe: Could not reliably determine the server's fully qualified domain name, using fe80::e0a9:99eb:1dba:c6eb. Set the 'ServerName' directive globally to suppress this message
AH00558: httpd.exe: Could not reliably determine the server's fully qualified domain name, using fe80::e0a9:99eb:1dba:c6eb. Set the 'ServerName' directive globally to suppress this message
[Tue Aug 23 12:44:16.103248 2022] [mpm_winnt:notice] [pid 13640:tid 756] AH00354: Child: Starting 64 worker threads.
AH00558: httpd.exe: Could not reliably determine the server's fully qualified domain name, using fe80::e0a9:99eb:1dba:c6eb. Set the 'ServerName' directive globally to suppress this message
[Wed Aug 24 11:45:27.181413 2022] [core:warn] [pid 20888:tid 688] AH00098: pid file C:/Users/PC-0081/AppData/Roaming/Local/run/5eX3865bq/apache/logs/httpd.pid overwritten -- Unclean shutdown of previous Apache run?
[Wed Aug 24 11:45:27.184355 2022] [mpm_winnt:notice] [pid 20888:tid 688] AH00455: Apache/2.4.43 (Win32) mod_fcgid/2.3.9a configured -- resuming normal operations
[Wed Aug 24 11:45:27.184355 2022] [mpm_winnt:notice] [pid 20888:tid 688] AH00456: Server built: Apr 21 2020 13:46:54
[Wed Aug 24 11:45:27.184355 2022] [core:notice] [pid 20888:tid 688] AH00094: Command line: 'C:\\Users\\PC-0081\\AppData\\Roaming\\Local\\lightning-services\\apache-2.4.43+7\\bin\\win32\\bin\\httpd.exe -d C:/Users/PC-0081/AppData/Roaming/Local/lightning-services/apache-2.4.43+7/bin/win32 -D FOREGROUND -f C:\\Users\\PC-0081\\AppData\\Roaming\\Local\\run\\5eX3865bq\\conf\\apache\\apache2.conf'
[Wed Aug 24 11:45:27.187400 2022] [mpm_winnt:notice] [pid 20888:tid 688] AH00418: Parent: Created child process 19476
AH00558: httpd.exe: Could not reliably determine the server's fully qualified domain name, using fe80::e0a9:99eb:1dba:c6eb. Set the 'ServerName' directive globally to suppress this message
AH00558: httpd.exe: Could not reliably determine the server's fully qualified domain name, using fe80::e0a9:99eb:1dba:c6eb. Set the 'ServerName' directive globally to suppress this message
[Wed Aug 24 11:45:27.654944 2022] [mpm_winnt:notice] [pid 19476:tid 776] AH00354: Child: Starting 64 worker threads.
AH00558: httpd.exe: Could not reliably determine the server's fully qualified domain name, using fe80::e0a9:99eb:1dba:c6eb. Set the 'ServerName' directive globally to suppress this message
[Thu Aug 25 12:06:12.175966 2022] [core:warn] [pid 23664:tid 424] AH00098: pid file C:/Users/PC-0081/AppData/Roaming/Local/run/5eX3865bq/apache/logs/httpd.pid overwritten -- Unclean shutdown of previous Apache run?
[Thu Aug 25 12:06:12.177961 2022] [mpm_winnt:notice] [pid 23664:tid 424] AH00455: Apache/2.4.43 (Win32) mod_fcgid/2.3.9a configured -- resuming normal operations
[Thu Aug 25 12:06:12.177961 2022] [mpm_winnt:notice] [pid 23664:tid 424] AH00456: Server built: Apr 21 2020 13:46:54
[Thu Aug 25 12:06:12.177961 2022] [core:notice] [pid 23664:tid 424] AH00094: Command line: 'C:\\Users\\PC-0081\\AppData\\Roaming\\Local\\lightning-services\\apache-2.4.43+7\\bin\\win32\\bin\\httpd.exe -d C:/Users/PC-0081/AppData/Roaming/Local/lightning-services/apache-2.4.43+7/bin/win32 -D FOREGROUND -f C:\\Users\\PC-0081\\AppData\\Roaming\\Local\\run\\5eX3865bq\\conf\\apache\\apache2.conf'
[Thu Aug 25 12:06:12.180951 2022] [mpm_winnt:notice] [pid 23664:tid 424] AH00418: Parent: Created child process 24036
AH00558: httpd.exe: Could not reliably determine the server's fully qualified domain name, using fe80::e0a9:99eb:1dba:c6eb. Set the 'ServerName' directive globally to suppress this message
AH00558: httpd.exe: Could not reliably determine the server's fully qualified domain name, using fe80::e0a9:99eb:1dba:c6eb. Set the 'ServerName' directive globally to suppress this message
[Thu Aug 25 12:06:12.656513 2022] [mpm_winnt:notice] [pid 24036:tid 772] AH00354: Child: Starting 64 worker threads.
AH00558: httpd.exe: Could not reliably determine the server's fully qualified domain name, using fe80::e0a9:99eb:1dba:c6eb. Set the 'ServerName' directive globally to suppress this message
[Fri Aug 26 09:18:11.066976 2022] [core:warn] [pid 11000:tid 712] AH00098: pid file C:/Users/PC-0081/AppData/Roaming/Local/run/5eX3865bq/apache/logs/httpd.pid overwritten -- Unclean shutdown of previous Apache run?
[Fri Aug 26 09:18:11.069626 2022] [mpm_winnt:notice] [pid 11000:tid 712] AH00455: Apache/2.4.43 (Win32) mod_fcgid/2.3.9a configured -- resuming normal operations
[Fri Aug 26 09:18:11.069626 2022] [mpm_winnt:notice] [pid 11000:tid 712] AH00456: Server built: Apr 21 2020 13:46:54
[Fri Aug 26 09:18:11.069626 2022] [core:notice] [pid 11000:tid 712] AH00094: Command line: 'C:\\Users\\PC-0081\\AppData\\Roaming\\Local\\lightning-services\\apache-2.4.43+7\\bin\\win32\\bin\\httpd.exe -d C:/Users/PC-0081/AppData/Roaming/Local/lightning-services/apache-2.4.43+7/bin/win32 -D FOREGROUND -f C:\\Users\\PC-0081\\AppData\\Roaming\\Local\\run\\5eX3865bq\\conf\\apache\\apache2.conf'
[Fri Aug 26 09:18:11.071963 2022] [mpm_winnt:notice] [pid 11000:tid 712] AH00418: Parent: Created child process 26920
AH00558: httpd.exe: Could not reliably determine the server's fully qualified domain name, using fe80::e0a9:99eb:1dba:c6eb. Set the 'ServerName' directive globally to suppress this message
AH00558: httpd.exe: Could not reliably determine the server's fully qualified domain name, using fe80::e0a9:99eb:1dba:c6eb. Set the 'ServerName' directive globally to suppress this message
[Fri Aug 26 09:18:11.556229 2022] [mpm_winnt:notice] [pid 26920:tid 824] AH00354: Child: Starting 64 worker threads.
